<?xml version="1.0" encoding="UTF-8"?>
<!-- Generated by org.testng.reporters.JUnitReportReporter -->
<testsuite hostname="DESKTOP-UCR5PHO" failures="0" tests="1" name="Test_GET" time="3.075" errors="0" timestamp="2021-07-25T11:10:39 IST" skipped="0">
  <testcase classname="Test_GET" name="test" time="3.075"/>
  <system-out/>
</testsuite> <!-- Test_GET -->
